{"C:\\Users\\lodhi\\OneDrive\\Documents\\Advance-java-script\\advance-dom\\TA-JS-advanced-dom-and-test-TJaaan\\block-BJaajc\\code\\index.js": {"path":"C:\\Users\\lodhi\\OneDrive\\Documents\\Advance-java-script\\advance-dom\\TA-JS-advanced-dom-and-test-TJaaan\\block-BJaajc\\code\\index.js","statementMap":{"0":{"start":{"line":10,"column":0},"end":{"line":10,"column":10}},"1":{"start":{"line":12,"column":0},"end":{"line":12,"column":21}},"2":{"start":{"line":16,"column":0},"end":{"line":16,"column":26}},"3":{"start":{"line":19,"column":0},"end":{"line":19,"column":24}},"4":{"start":{"line":22,"column":0},"end":{"line":26,"column":1}},"5":{"start":{"line":23,"column":0},"end":{"line":23,"column":12}},"6":{"start":{"line":25,"column":4},"end":{"line":25,"column":17}},"7":{"start":{"line":30,"column":4},"end":{"line":30,"column":53}},"8":{"start":{"line":34,"column":0},"end":{"line":34,"column":44}},"9":{"start":{"line":36,"column":0},"end":{"line":36,"column":10}}},"fnMap":{"0":{"name":"add","decl":{"start":{"line":9,"column":9},"end":{"line":9,"column":12}},"loc":{"start":{"line":9,"column":17},"end":{"line":11,"column":1}},"line":9},"1":{"name":"fullName","decl":{"start":{"line":15,"column":9},"end":{"line":15,"column":17}},"loc":{"start":{"line":15,"column":37},"end":{"line":17,"column":1}},"line":15},"2":{"name":"isPalindrome","decl":{"start":{"line":21,"column":9},"end":{"line":21,"column":21}},"loc":{"start":{"line":21,"column":28},"end":{"line":27,"column":1}},"line":21},"3":{"name":"getCircumfrence","decl":{"start":{"line":29,"column":9},"end":{"line":29,"column":24}},"loc":{"start":{"line":29,"column":32},"end":{"line":31,"column":5}},"line":29},"4":{"name":"getArea","decl":{"start":{"line":33,"column":9},"end":{"line":33,"column":16}},"loc":{"start":{"line":33,"column":24},"end":{"line":35,"column":1}},"line":33}},"branchMap":{"0":{"loc":{"start":{"line":22,"column":0},"end":{"line":26,"column":1}},"type":"if","locations":[{"start":{"line":22,"column":0},"end":{"line":26,"column":1}},{"start":{"line":24,"column":5},"end":{"line":26,"column":1}}],"line":22}},"s":{"0":0,"1":1,"2":3,"3":1,"4":0,"5":0,"6":0,"7":0,"8":1,"9":1},"f":{"0":0,"1":3,"2":0,"3":0,"4":1},"b":{"0":[0,0]},"_coverageSchema":"1a1c01bbd47fc00a2c39e90264f33305004495a9","hash":"a5f66a1a3c6c8da06142fb43319ffe104aaea3fe"}
}
